<?xml version="1.0" encoding="UTF-8"?>
<testng-results ignored="0" total="5" passed="5" failed="0" skipped="0">
  <reporter-output>
  </reporter-output>
  <suite started-at="2025-07-11T20:47:25 IST" name="Suite" finished-at="2025-07-11T20:48:03 IST" duration-ms="37733">
    <groups>
    </groups>
    <test started-at="2025-07-11T20:47:25 IST" name="Test" finished-at="2025-07-11T20:48:03 IST" duration-ms="37733">
      <class name="com.mystore.testcases.TC_AccountCreationPageTestDataDrivenTesting">
        <test-method is-config="true" signature="setup()[pri:0, instance:com.mystore.testcases.TC_AccountCreationPageTestDataDrivenTesting@3e7dd664]" started-at="2025-07-11T20:47:54 IST" name="setup" finished-at="2025-07-11T20:47:59 IST" duration-ms="5240" status="PASS">
          <reporter-output>
          </reporter-output>
        </test-method> <!-- setup -->
        <test-method signature="accountRegistration(java.lang.String,java.lang.String,java.lang.String,java.lang.String,java.lang.String,java.lang.String,java.lang.String,java.lang.String)[pri:0, instance:com.mystore.testcases.TC_AccountCreationPageTestDataDrivenTesting@3e7dd664]" started-at="2025-07-11T20:48:00 IST" name="accountRegistration" data-provider="AccountCreation" finished-at="2025-07-11T20:48:03 IST" duration-ms="3170" status="PASS">
          <params>
            <param index="0">
              <value>
                <![CDATA[sjatin2009@gmail.com]]>
              </value>
            </param>
            <param index="1">
              <value>
                <![CDATA[Mr]]>
              </value>
            </param>
            <param index="2">
              <value>
                <![CDATA[Anil]]>
              </value>
            </param>
            <param index="3">
              <value>
                <![CDATA[Paal]]>
              </value>
            </param>
            <param index="4">
              <value>
                <![CDATA[abcde]]>
              </value>
            </param>
            <param index="5">
              <value>
                <![CDATA[10]]>
              </value>
            </param>
            <param index="6">
              <value>
                <![CDATA[May]]>
              </value>
            </param>
            <param index="7">
              <value>
                <![CDATA[2025]]>
              </value>
            </param>
          </params>
          <reporter-output>
          </reporter-output>
        </test-method> <!-- accountRegistration -->
        <test-method is-config="true" signature="tearDown()[pri:0, instance:com.mystore.testcases.TC_AccountCreationPageTestDataDrivenTesting@3e7dd664]" started-at="2025-07-11T20:48:03 IST" name="tearDown" finished-at="2025-07-11T20:48:03 IST" duration-ms="347" status="PASS">
          <reporter-output>
          </reporter-output>
        </test-method> <!-- tearDown -->
      </class> <!-- com.mystore.testcases.TC_AccountCreationPageTestDataDrivenTesting -->
      <class name="com.mystore.testcases.TC_MyAccountPageTestDataDriveTesting">
        <test-method is-config="true" signature="setup()[pri:0, instance:com.mystore.testcases.TC_MyAccountPageTestDataDriveTesting@71c27ee8]" started-at="2025-07-11T20:47:45 IST" name="setup" finished-at="2025-07-11T20:47:51 IST" duration-ms="5510" status="PASS">
          <reporter-output>
          </reporter-output>
        </test-method> <!-- setup -->
        <test-method signature="verifyRegistrationAndLogin(java.lang.String)[pri:0, instance:com.mystore.testcases.TC_MyAccountPageTestDataDriveTesting@71c27ee8]" started-at="2025-07-11T20:47:52 IST" name="verifyRegistrationAndLogin" data-provider="LoginDataProvider" finished-at="2025-07-11T20:47:53 IST" duration-ms="918" status="PASS">
          <params>
            <param index="0">
              <value>
                <![CDATA[apalkumar@gmail.com]]>
              </value>
            </param>
          </params>
          <reporter-output>
          </reporter-output>
        </test-method> <!-- verifyRegistrationAndLogin -->
        <test-method signature="verifyRegistrationAndLogin(java.lang.String)[pri:0, instance:com.mystore.testcases.TC_MyAccountPageTestDataDriveTesting@71c27ee8]" started-at="2025-07-11T20:47:53 IST" name="verifyRegistrationAndLogin" data-provider="LoginDataProvider" finished-at="2025-07-11T20:47:54 IST" duration-ms="919" status="PASS">
          <params>
            <param index="0">
              <value>
                <![CDATA[sjatin2009@gmail.com]]>
              </value>
            </param>
          </params>
          <reporter-output>
          </reporter-output>
        </test-method> <!-- verifyRegistrationAndLogin -->
        <test-method is-config="true" signature="tearDown()[pri:0, instance:com.mystore.testcases.TC_MyAccountPageTestDataDriveTesting@71c27ee8]" started-at="2025-07-11T20:47:54 IST" name="tearDown" finished-at="2025-07-11T20:47:54 IST" duration-ms="209" status="PASS">
          <reporter-output>
          </reporter-output>
        </test-method> <!-- tearDown -->
      </class> <!-- com.mystore.testcases.TC_MyAccountPageTestDataDriveTesting -->
      <class name="com.mystore.testcases.TC_AccountCreationPageTest">
        <test-method is-config="true" signature="setup()[pri:0, instance:com.mystore.testcases.TC_AccountCreationPageTest@3568f9d2]" started-at="2025-07-11T20:47:36 IST" name="setup" finished-at="2025-07-11T20:47:41 IST" duration-ms="5365" status="PASS">
          <reporter-output>
          </reporter-output>
        </test-method> <!-- setup -->
        <test-method signature="accountRegistration()[pri:0, instance:com.mystore.testcases.TC_AccountCreationPageTest@3568f9d2]" started-at="2025-07-11T20:47:41 IST" name="accountRegistration" finished-at="2025-07-11T20:47:45 IST" duration-ms="3712" status="PASS">
          <reporter-output>
          </reporter-output>
        </test-method> <!-- accountRegistration -->
        <test-method is-config="true" signature="tearDown()[pri:0, instance:com.mystore.testcases.TC_AccountCreationPageTest@3568f9d2]" started-at="2025-07-11T20:47:45 IST" name="tearDown" finished-at="2025-07-11T20:47:45 IST" duration-ms="230" status="PASS">
          <reporter-output>
          </reporter-output>
        </test-method> <!-- tearDown -->
      </class> <!-- com.mystore.testcases.TC_AccountCreationPageTest -->
      <class name="com.mystore.testcases.TC_MyAccountPageTest">
        <test-method is-config="true" signature="setup()[pri:0, instance:com.mystore.testcases.TC_MyAccountPageTest@3da30852]" started-at="2025-07-11T20:47:26 IST" name="setup" finished-at="2025-07-11T20:47:35 IST" duration-ms="9136" status="PASS">
          <reporter-output>
          </reporter-output>
        </test-method> <!-- setup -->
        <test-method signature="verifyRegistrationAndLogin()[pri:0, instance:com.mystore.testcases.TC_MyAccountPageTest@3da30852]" started-at="2025-07-11T20:47:35 IST" name="verifyRegistrationAndLogin" finished-at="2025-07-11T20:47:36 IST" duration-ms="947" status="PASS">
          <reporter-output>
          </reporter-output>
        </test-method> <!-- verifyRegistrationAndLogin -->
        <test-method is-config="true" signature="tearDown()[pri:0, instance:com.mystore.testcases.TC_MyAccountPageTest@3da30852]" started-at="2025-07-11T20:47:36 IST" name="tearDown" finished-at="2025-07-11T20:47:36 IST" duration-ms="244" status="PASS">
          <reporter-output>
          </reporter-output>
        </test-method> <!-- tearDown -->
      </class> <!-- com.mystore.testcases.TC_MyAccountPageTest -->
    </test> <!-- Test -->
  </suite> <!-- Suite -->
</testng-results>
