<?xml version="1.0" encoding="UTF-8"?>
<testng-results ignored="0" total="2" passed="2" failed="0" skipped="0">
  <reporter-output>
  </reporter-output>
  <suite started-at="2025-07-11T19:32:57 IST" name="Default suite" finished-at="2025-07-11T19:34:57 IST" duration-ms="120854">
    <groups>
    </groups>
    <test started-at="2025-07-11T19:32:57 IST" name="Default test" finished-at="2025-07-11T19:34:57 IST" duration-ms="120854">
      <class name="com.mystore.testcases.TC_MyAccountPageTestDataDriveTesting">
        <test-method is-config="true" signature="setup()[pri:0, instance:com.mystore.testcases.TC_MyAccountPageTestDataDriveTesting@1a1da881]" started-at="2025-07-11T19:32:57 IST" name="setup" finished-at="2025-07-11T19:33:03 IST" duration-ms="6028" status="PASS">
          <reporter-output>
          </reporter-output>
        </test-method> <!-- setup -->
        <test-method signature="verifyRegistrationAndLogin(java.lang.String)[pri:0, instance:com.mystore.testcases.TC_MyAccountPageTestDataDriveTesting@1a1da881]" started-at="2025-07-11T19:33:04 IST" name="verifyRegistrationAndLogin" data-provider="LoginDataProvider" finished-at="2025-07-11T19:34:32 IST" duration-ms="88435" status="PASS">
          <params>
            <param index="0">
              <value>
                <![CDATA[apalkumar@gmail.com]]>
              </value>
            </param>
          </params>
          <reporter-output>
          </reporter-output>
        </test-method> <!-- verifyRegistrationAndLogin -->
        <test-method signature="verifyRegistrationAndLogin(java.lang.String)[pri:0, instance:com.mystore.testcases.TC_MyAccountPageTestDataDriveTesting@1a1da881]" started-at="2025-07-11T19:34:32 IST" name="verifyRegistrationAndLogin" data-provider="LoginDataProvider" finished-at="2025-07-11T19:34:57 IST" duration-ms="25073" status="PASS">
          <params>
            <param index="0">
              <value>
                <![CDATA[sjatin2009@gmail.com]]>
              </value>
            </param>
          </params>
          <reporter-output>
          </reporter-output>
        </test-method> <!-- verifyRegistrationAndLogin -->
        <test-method is-config="true" signature="tearDown()[pri:0, instance:com.mystore.testcases.TC_MyAccountPageTestDataDriveTesting@1a1da881]" started-at="2025-07-11T19:34:57 IST" name="tearDown" finished-at="2025-07-11T19:34:57 IST" duration-ms="288" status="PASS">
          <reporter-output>
          </reporter-output>
        </test-method> <!-- tearDown -->
      </class> <!-- com.mystore.testcases.TC_MyAccountPageTestDataDriveTesting -->
    </test> <!-- Default test -->
  </suite> <!-- Default suite -->
</testng-results>
