<?xml version="1.0" encoding="UTF-8"?>
<!-- Generated by org.testng.reporters.JUnitXMLReporter -->
<testsuite ignored="0" hostname="DESKTOP-NJ4R2PM" failures="0" tests="5" name="Test" time="36.324" errors="0" timestamp="2025-07-11T19:12:41 IST">
  <testcase classname="com.mystore.testcases.TC_MyAccountPageTest" name="verifyRegistrationAndLogin" time="0.988"/>
  <testcase classname="com.mystore.testcases.TC_AccountCreationPageTest" name="accountRegistration" time="3.491"/>
  <testcase classname="com.mystore.testcases.TC_MyAccountPageTestDataDriveTesting" name="verifyRegistrationAndLogin" time="0.891"/>
  <testcase classname="com.mystore.testcases.TC_MyAccountPageTestDataDriveTesting" name="verifyRegistrationAndLogin" time="0.993"/>
  <testcase classname="com.mystore.testcases.TC_AccountCreationPageTestDataDrivenTesting" name="accountRegistration" time="3.418"/>
</testsuite> <!-- Test -->
