<?xml version="1.0" encoding="UTF-8"?>
<!-- Generated by org.testng.reporters.JUnitXMLReporter -->
<testsuite ignored="0" hostname="DESKTOP-NJ4R2PM" failures="0" tests="2" name="Default test" time="120.854" errors="0" timestamp="2025-07-11T19:34:57 IST">
  <testcase classname="com.mystore.testcases.TC_MyAccountPageTestDataDriveTesting" name="verifyRegistrationAndLogin" time="88.435"/>
  <testcase classname="com.mystore.testcases.TC_MyAccountPageTestDataDriveTesting" name="verifyRegistrationAndLogin" time="25.073"/>
</testsuite> <!-- Default test -->
