<?xml version="1.0" encoding="UTF-8"?>
<!-- Generated by org.testng.reporters.JUnitXMLReporter -->
<testsuite ignored="0" hostname="DESKTOP-NJ4R2PM" failures="0" tests="5" name="Test" time="37.733" errors="0" timestamp="2025-07-11T20:48:03 IST">
  <testcase classname="com.mystore.testcases.TC_MyAccountPageTest" name="verifyRegistrationAndLogin" time="0.947"/>
  <testcase classname="com.mystore.testcases.TC_AccountCreationPageTest" name="accountRegistration" time="3.712"/>
  <testcase classname="com.mystore.testcases.TC_MyAccountPageTestDataDriveTesting" name="verifyRegistrationAndLogin" time="0.918"/>
  <testcase classname="com.mystore.testcases.TC_MyAccountPageTestDataDriveTesting" name="verifyRegistrationAndLogin" time="0.919"/>
  <testcase classname="com.mystore.testcases.TC_AccountCreationPageTestDataDrivenTesting" name="accountRegistration" time="3.17"/>
</testsuite> <!-- Test -->
